[15-Oct-2015 22:41:34 UTC] PHP Warning:  mysqli_connect(): php_network_getaddresses: getaddrinfo failed: Name or service not known in /home/ubuntu/workspace/php_course_work/lab_7/mismatch/index.php on line 21
[15-Oct-2015 22:41:34 UTC] PHP Stack trace:
[15-Oct-2015 22:41:34 UTC] PHP   1. {main}() /home/ubuntu/workspace/php_course_work/lab_7/mismatch/index.php:0
[15-Oct-2015 22:41:34 UTC] PHP   2. mysqli_connect() /home/ubuntu/workspace/php_course_work/lab_7/mismatch/index.php:21
[15-Oct-2015 22:41:34 UTC] PHP Warning:  mysqli_connect(): (HY000/2002): php_network_getaddresses: getaddrinfo failed: Name or service not known in /home/ubuntu/workspace/php_course_work/lab_7/mismatch/index.php on line 21
[15-Oct-2015 22:41:34 UTC] PHP Stack trace:
[15-Oct-2015 22:41:34 UTC] PHP   1. {main}() /home/ubuntu/workspace/php_course_work/lab_7/mismatch/index.php:0
[15-Oct-2015 22:41:34 UTC] PHP   2. mysqli_connect() /home/ubuntu/workspace/php_course_work/lab_7/mismatch/index.php:21
[15-Oct-2015 22:41:34 UTC] PHP Warning:  mysqli_query() expects parameter 1 to be mysqli, boolean given in /home/ubuntu/workspace/php_course_work/lab_7/mismatch/index.php on line 25
[15-Oct-2015 22:41:34 UTC] PHP Stack trace:
[15-Oct-2015 22:41:34 UTC] PHP   1. {main}() /home/ubuntu/workspace/php_course_work/lab_7/mismatch/index.php:0
[15-Oct-2015 22:41:34 UTC] PHP   2. mysqli_query() /home/ubuntu/workspace/php_course_work/lab_7/mismatch/index.php:25
[15-Oct-2015 22:41:34 UTC] PHP Warning:  mysqli_fetch_array() expects parameter 1 to be mysqli_result, null given in /home/ubuntu/workspace/php_course_work/lab_7/mismatch/index.php on line 30
[15-Oct-2015 22:41:34 UTC] PHP Stack trace:
[15-Oct-2015 22:41:34 UTC] PHP   1. {main}() /home/ubuntu/workspace/php_course_work/lab_7/mismatch/index.php:0
[15-Oct-2015 22:41:34 UTC] PHP   2. mysqli_fetch_array() /home/ubuntu/workspace/php_course_work/lab_7/mismatch/index.php:30
[15-Oct-2015 22:41:34 UTC] PHP Warning:  mysqli_close() expects parameter 1 to be mysqli, boolean given in /home/ubuntu/workspace/php_course_work/lab_7/mismatch/index.php on line 41
[15-Oct-2015 22:41:34 UTC] PHP Stack trace:
[15-Oct-2015 22:41:34 UTC] PHP   1. {main}() /home/ubuntu/workspace/php_course_work/lab_7/mismatch/index.php:0
[15-Oct-2015 22:41:34 UTC] PHP   2. mysqli_close() /home/ubuntu/workspace/php_course_work/lab_7/mismatch/index.php:41
[15-Oct-2015 22:42:16 UTC] PHP Warning:  mysqli_connect(): php_network_getaddresses: getaddrinfo failed: Name or service not known in /home/ubuntu/workspace/php_course_work/lab_7/mismatch/index.php on line 21
[15-Oct-2015 22:42:16 UTC] PHP Stack trace:
[15-Oct-2015 22:42:16 UTC] PHP   1. {main}() /home/ubuntu/workspace/php_course_work/lab_7/mismatch/index.php:0
[15-Oct-2015 22:42:16 UTC] PHP   2. mysqli_connect() /home/ubuntu/workspace/php_course_work/lab_7/mismatch/index.php:21
[15-Oct-2015 22:42:16 UTC] PHP Warning:  mysqli_connect(): (HY000/2002): php_network_getaddresses: getaddrinfo failed: Name or service not known in /home/ubuntu/workspace/php_course_work/lab_7/mismatch/index.php on line 21
[15-Oct-2015 22:42:16 UTC] PHP Stack trace:
[15-Oct-2015 22:42:16 UTC] PHP   1. {main}() /home/ubuntu/workspace/php_course_work/lab_7/mismatch/index.php:0
[15-Oct-2015 22:42:16 UTC] PHP   2. mysqli_connect() /home/ubuntu/workspace/php_course_work/lab_7/mismatch/index.php:21
[15-Oct-2015 22:42:16 UTC] PHP Warning:  mysqli_query() expects parameter 1 to be mysqli, boolean given in /home/ubuntu/workspace/php_course_work/lab_7/mismatch/index.php on line 25
[15-Oct-2015 22:42:16 UTC] PHP Stack trace:
[15-Oct-2015 22:42:16 UTC] PHP   1. {main}() /home/ubuntu/workspace/php_course_work/lab_7/mismatch/index.php:0
[15-Oct-2015 22:42:16 UTC] PHP   2. mysqli_query() /home/ubuntu/workspace/php_course_work/lab_7/mismatch/index.php:25
[15-Oct-2015 22:42:16 UTC] PHP Warning:  mysqli_fetch_array() expects parameter 1 to be mysqli_result, null given in /home/ubuntu/workspace/php_course_work/lab_7/mismatch/index.php on line 30
[15-Oct-2015 22:42:16 UTC] PHP Stack trace:
[15-Oct-2015 22:42:16 UTC] PHP   1. {main}() /home/ubuntu/workspace/php_course_work/lab_7/mismatch/index.php:0
[15-Oct-2015 22:42:16 UTC] PHP   2. mysqli_fetch_array() /home/ubuntu/workspace/php_course_work/lab_7/mismatch/index.php:30
[15-Oct-2015 22:42:16 UTC] PHP Warning:  mysqli_close() expects parameter 1 to be mysqli, boolean given in /home/ubuntu/workspace/php_course_work/lab_7/mismatch/index.php on line 41
[15-Oct-2015 22:42:16 UTC] PHP Stack trace:
[15-Oct-2015 22:42:16 UTC] PHP   1. {main}() /home/ubuntu/workspace/php_course_work/lab_7/mismatch/index.php:0
[15-Oct-2015 22:42:16 UTC] PHP   2. mysqli_close() /home/ubuntu/workspace/php_course_work/lab_7/mismatch/index.php:41
[15-Oct-2015 22:43:16 UTC] PHP Warning:  mysqli_connect(): php_network_getaddresses: getaddrinfo failed: Name or service not known in /home/ubuntu/workspace/php_course_work/lab_7/mismatch/index.php on line 21
[15-Oct-2015 22:43:16 UTC] PHP Stack trace:
[15-Oct-2015 22:43:16 UTC] PHP   1. {main}() /home/ubuntu/workspace/php_course_work/lab_7/mismatch/index.php:0
[15-Oct-2015 22:43:16 UTC] PHP   2. mysqli_connect() /home/ubuntu/workspace/php_course_work/lab_7/mismatch/index.php:21
[15-Oct-2015 22:43:16 UTC] PHP Warning:  mysqli_connect(): (HY000/2002): php_network_getaddresses: getaddrinfo failed: Name or service not known in /home/ubuntu/workspace/php_course_work/lab_7/mismatch/index.php on line 21
[15-Oct-2015 22:43:16 UTC] PHP Stack trace:
[15-Oct-2015 22:43:16 UTC] PHP   1. {main}() /home/ubuntu/workspace/php_course_work/lab_7/mismatch/index.php:0
[15-Oct-2015 22:43:16 UTC] PHP   2. mysqli_connect() /home/ubuntu/workspace/php_course_work/lab_7/mismatch/index.php:21
[15-Oct-2015 22:43:16 UTC] PHP Warning:  mysqli_query() expects parameter 1 to be mysqli, boolean given in /home/ubuntu/workspace/php_course_work/lab_7/mismatch/index.php on line 25
[15-Oct-2015 22:43:16 UTC] PHP Stack trace:
[15-Oct-2015 22:43:16 UTC] PHP   1. {main}() /home/ubuntu/workspace/php_course_work/lab_7/mismatch/index.php:0
[15-Oct-2015 22:43:16 UTC] PHP   2. mysqli_query() /home/ubuntu/workspace/php_course_work/lab_7/mismatch/index.php:25
[15-Oct-2015 22:43:16 UTC] PHP Warning:  mysqli_fetch_array() expects parameter 1 to be mysqli_result, null given in /home/ubuntu/workspace/php_course_work/lab_7/mismatch/index.php on line 30
[15-Oct-2015 22:43:16 UTC] PHP Stack trace:
[15-Oct-2015 22:43:16 UTC] PHP   1. {main}() /home/ubuntu/workspace/php_course_work/lab_7/mismatch/index.php:0
[15-Oct-2015 22:43:16 UTC] PHP   2. mysqli_fetch_array() /home/ubuntu/workspace/php_course_work/lab_7/mismatch/index.php:30
[15-Oct-2015 22:43:16 UTC] PHP Warning:  mysqli_close() expects parameter 1 to be mysqli, boolean given in /home/ubuntu/workspace/php_course_work/lab_7/mismatch/index.php on line 41
[15-Oct-2015 22:43:16 UTC] PHP Stack trace:
[15-Oct-2015 22:43:16 UTC] PHP   1. {main}() /home/ubuntu/workspace/php_course_work/lab_7/mismatch/index.php:0
[15-Oct-2015 22:43:16 UTC] PHP   2. mysqli_close() /home/ubuntu/workspace/php_course_work/lab_7/mismatch/index.php:41
